<?xml version="1.0" encoding="UTF-8"?>
<coverage generated="1777309818443" clover="3.2.0">
  <project timestamp="1777309818443" name="All files">
    <metrics statements="168" coveredstatements="115" conditionals="81" coveredconditionals="39" methods="53" coveredmethods="30" elements="302" coveredelements="184" complexity="0" loc="168" ncloc="168" packages="2" files="8" classes="8"/>
    <package name="src">
      <metrics statements="47" coveredstatements="21" conditionals="30" coveredconditionals="5" methods="14" coveredmethods="2"/>
      <file name="App.jsx" path="P:\voter-guide-assistant\frontend\src\App.jsx">
        <metrics statements="13" coveredstatements="0" conditionals="16" coveredconditionals="0" methods="10" coveredmethods="0"/>
        <line num="6" count="0" type="stmt"/>
        <line num="7" count="0" type="stmt"/>
        <line num="8" count="0" type="stmt"/>
        <line num="9" count="0" type="stmt"/>
        <line num="20" count="0" type="stmt"/>
        <line num="21" count="0" type="stmt"/>
        <line num="29" count="0" type="stmt"/>
        <line num="30" count="0" type="stmt"/>
        <line num="33" count="0" type="stmt"/>
        <line num="41" count="0" type="stmt"/>
        <line num="46" count="0" type="stmt"/>
        <line num="52" count="0" type="stmt"/>
        <line num="58" count="0" type="stmt"/>
      </file>
      <file name="api.js" path="P:\voter-guide-assistant\frontend\src\api.js">
        <metrics statements="30" coveredstatements="21" conditionals="14" coveredconditionals="5" methods="4" coveredmethods="2"/>
        <line num="7" count="1" type="cond" truecount="2" falsecount="0"/>
        <line num="10" count="1" type="stmt"/>
        <line num="21" count="1" type="stmt"/>
        <line num="22" count="1" type="stmt"/>
        <line num="23" count="1" type="stmt"/>
        <line num="25" count="1" type="stmt"/>
        <line num="26" count="1" type="stmt"/>
        <line num="33" count="0" type="stmt"/>
        <line num="35" count="0" type="cond" truecount="0" falsecount="2"/>
        <line num="36" count="0" type="stmt"/>
        <line num="37" count="0" type="cond" truecount="0" falsecount="2"/>
        <line num="40" count="0" type="stmt"/>
        <line num="42" count="1" type="stmt"/>
        <line num="43" count="1" type="cond" truecount="1" falsecount="1"/>
        <line num="44" count="0" type="stmt"/>
        <line num="46" count="1" type="stmt"/>
        <line num="60" count="1" type="stmt"/>
        <line num="61" count="2" type="stmt"/>
        <line num="62" count="2" type="stmt"/>
        <line num="64" count="2" type="stmt"/>
        <line num="65" count="2" type="stmt"/>
        <line num="69" count="1" type="stmt"/>
        <line num="71" count="1" type="cond" truecount="1" falsecount="1"/>
        <line num="72" count="0" type="stmt"/>
        <line num="73" count="0" type="cond" truecount="0" falsecount="2"/>
        <line num="76" count="1" type="stmt"/>
        <line num="78" count="1" type="stmt"/>
        <line num="79" count="1" type="cond" truecount="1" falsecount="1"/>
        <line num="80" count="0" type="stmt"/>
        <line num="82" count="1" type="stmt"/>
      </file>
      <file name="firebase.js" path="P:\voter-guide-assistant\frontend\src\firebase.js">
        <metrics statements="4" coveredstatements="0" conditionals="0" coveredconditionals="0" methods="0" coveredmethods="0"/>
        <line num="10" count="0" type="stmt"/>
        <line num="20" count="0" type="stmt"/>
        <line num="24" count="0" type="stmt"/>
        <line num="28" count="0" type="stmt"/>
      </file>
    </package>
    <package name="src.components">
      <metrics statements="121" coveredstatements="94" conditionals="51" coveredconditionals="34" methods="39" coveredmethods="28"/>
      <file name="BoothFinder.jsx" path="P:\voter-guide-assistant\frontend\src\components\BoothFinder.jsx">
        <metrics statements="17" coveredstatements="12" conditionals="6" coveredconditionals="4" methods="6" coveredmethods="3"/>
        <line num="16" count="2" type="stmt"/>
        <line num="17" count="2" type="stmt"/>
        <line num="20" count="2" type="stmt"/>
        <line num="21" count="2" type="cond" truecount="2" falsecount="0"/>
        <line num="22" count="1" type="stmt"/>
        <line num="23" count="1" type="stmt"/>
        <line num="37" count="2" type="stmt"/>
        <line num="38" count="0" type="stmt"/>
        <line num="39" count="0" type="cond" truecount="0" falsecount="2"/>
        <line num="40" count="0" type="stmt"/>
        <line num="41" count="0" type="stmt"/>
        <line num="45" count="2" type="cond" truecount="2" falsecount="0"/>
        <line num="46" count="1" type="stmt"/>
        <line num="53" count="1" type="stmt"/>
        <line num="69" count="0" type="stmt"/>
        <line num="90" count="1" type="stmt"/>
        <line num="95" count="1" type="stmt"/>
      </file>
      <file name="ChatInterface.jsx" path="P:\voter-guide-assistant\frontend\src\components\ChatInterface.jsx">
        <metrics statements="47" coveredstatements="35" conditionals="25" coveredconditionals="16" methods="14" coveredmethods="9"/>
        <line num="19" count="158" type="stmt"/>
        <line num="22" count="158" type="stmt"/>
        <line num="23" count="158" type="stmt"/>
        <line num="24" count="158" type="stmt"/>
        <line num="25" count="158" type="stmt"/>
        <line num="28" count="158" type="stmt"/>
        <line num="29" count="26" type="stmt"/>
        <line num="32" count="158" type="stmt"/>
        <line num="33" count="26" type="stmt"/>
        <line num="47" count="158" type="stmt"/>
        <line num="48" count="7" type="stmt"/>
        <line num="49" count="7" type="cond" truecount="4" falsecount="1"/>
        <line num="51" count="7" type="stmt"/>
        <line num="52" count="7" type="stmt"/>
        <line num="53" count="7" type="stmt"/>
        <line num="54" count="7" type="stmt"/>
        <line num="57" count="7" type="stmt"/>
        <line num="60" count="7" type="stmt"/>
        <line num="61" count="7" type="stmt"/>
        <line num="62" count="7" type="stmt"/>
        <line num="64" count="7" type="stmt"/>
        <line num="65" count="7" type="stmt"/>
        <line num="67" count="5" type="stmt"/>
        <line num="68" count="5" type="stmt"/>
        <line num="71" count="2" type="stmt"/>
        <line num="72" count="2" type="stmt"/>
        <line num="74" count="7" type="stmt"/>
        <line num="84" count="158" type="stmt"/>
        <line num="85" count="0" type="cond" truecount="0" falsecount="4"/>
        <line num="86" count="0" type="stmt"/>
        <line num="87" count="0" type="stmt"/>
        <line num="90" count="0" type="cond" truecount="0" falsecount="2"/>
        <line num="91" count="0" type="stmt"/>
        <line num="92" count="0" type="stmt"/>
        <line num="93" count="0" type="stmt"/>
        <line num="95" count="0" type="stmt"/>
        <line num="96" count="0" type="stmt"/>
        <line num="97" count="0" type="stmt"/>
        <line num="98" count="0" type="stmt"/>
        <line num="100" count="0" type="stmt"/>
        <line num="103" count="158" type="cond" truecount="2" falsecount="0"/>
        <line num="104" count="1" type="stmt"/>
        <line num="113" count="157" type="stmt"/>
        <line num="118" count="178" type="cond" truecount="2" falsecount="0"/>
        <line num="152" count="132" type="stmt"/>
        <line num="170" count="1" type="stmt"/>
        <line num="175" count="1" type="stmt"/>
      </file>
      <file name="Checklist.jsx" path="P:\voter-guide-assistant\frontend\src\components\Checklist.jsx">
        <metrics statements="35" coveredstatements="25" conditionals="14" coveredconditionals="10" methods="9" coveredmethods="6"/>
        <line num="16" count="30" type="stmt"/>
        <line num="17" count="30" type="stmt"/>
        <line num="18" count="30" type="stmt"/>
        <line num="19" count="30" type="stmt"/>
        <line num="22" count="30" type="stmt"/>
        <line num="23" count="11" type="cond" truecount="2" falsecount="0"/>
        <line num="25" count="10" type="stmt"/>
        <line num="26" count="10" type="stmt"/>
        <line num="28" count="8" type="stmt"/>
        <line num="29" count="8" type="stmt"/>
        <line num="30" count="8" type="stmt"/>
        <line num="32" count="1" type="stmt"/>
        <line num="33" count="9" type="stmt"/>
        <line num="42" count="30" type="stmt"/>
        <line num="43" count="0" type="cond" truecount="0" falsecount="2"/>
        <line num="46" count="0" type="stmt"/>
        <line num="47" count="0" type="stmt"/>
        <line num="50" count="0" type="cond" truecount="0" falsecount="2"/>
        <line num="51" count="0" type="stmt"/>
        <line num="52" count="0" type="stmt"/>
        <line num="57" count="0" type="stmt"/>
        <line num="58" count="0" type="stmt"/>
        <line num="59" count="0" type="stmt"/>
        <line num="60" count="0" type="stmt"/>
        <line num="67" count="30" type="cond" truecount="2" falsecount="0"/>
        <line num="68" count="1" type="stmt"/>
        <line num="75" count="29" type="cond" truecount="2" falsecount="0"/>
        <line num="76" count="10" type="stmt"/>
        <line num="79" count="19" type="cond" truecount="2" falsecount="0"/>
        <line num="80" count="1" type="stmt"/>
        <line num="83" count="18" type="cond" truecount="2" falsecount="0"/>
        <line num="85" count="9" type="stmt"/>
        <line num="104" count="27" type="stmt"/>
        <line num="119" count="1" type="stmt"/>
        <line num="124" count="1" type="stmt"/>
      </file>
      <file name="ErrorBoundary.jsx" path="P:\voter-guide-assistant\frontend\src\components\ErrorBoundary.jsx">
        <metrics statements="10" coveredstatements="10" conditionals="4" coveredconditionals="3" methods="5" coveredmethods="5"/>
        <line num="15" count="12" type="stmt"/>
        <line num="17" count="11" type="stmt"/>
        <line num="28" count="10" type="stmt"/>
        <line num="40" count="5" type="stmt"/>
        <line num="44" count="23" type="cond" truecount="2" falsecount="0"/>
        <line num="45" count="10" type="stmt"/>
        <line num="53" count="1" type="stmt"/>
        <line num="61" count="13" type="stmt"/>
        <line num="66" count="1" type="stmt"/>
        <line num="100" count="1" type="stmt"/>
      </file>
      <file name="StateSelector.jsx" path="P:\voter-guide-assistant\frontend\src\components\StateSelector.jsx">
        <metrics statements="12" coveredstatements="12" conditionals="2" coveredconditionals="1" methods="5" coveredmethods="5"/>
        <line num="7" count="1" type="stmt"/>
        <line num="29" count="10" type="stmt"/>
        <line num="32" count="10" type="stmt"/>
        <line num="33" count="8" type="stmt"/>
        <line num="42" count="10" type="stmt"/>
        <line num="43" count="1" type="cond" truecount="1" falsecount="1"/>
        <line num="44" count="1" type="stmt"/>
        <line num="45" count="1" type="stmt"/>
        <line num="49" count="10" type="stmt"/>
        <line num="63" count="2" type="stmt"/>
        <line num="67" count="110" type="stmt"/>
        <line num="86" count="1" type="stmt"/>
      </file>
    </package>
  </project>
</coverage>
