{"P:\\voter-guide-assistant\\frontend\\src\\App.jsx": {"path":"P:\\voter-guide-assistant\\frontend\\src\\App.jsx","statementMap":{"0":{"start":{"line":6,"column":22},"end":{"line":6,"column":70}},"1":{"start":{"line":6,"column":33},"end":{"line":6,"column":69}},"2":{"start":{"line":7,"column":22},"end":{"line":7,"column":70}},"3":{"start":{"line":7,"column":33},"end":{"line":7,"column":69}},"4":{"start":{"line":8,"column":18},"end":{"line":8,"column":62}},"5":{"start":{"line":8,"column":29},"end":{"line":8,"column":61}},"6":{"start":{"line":9,"column":20},"end":{"line":9,"column":66}},"7":{"start":{"line":9,"column":31},"end":{"line":9,"column":65}},"8":{"start":{"line":20,"column":40},"end":{"line":20,"column":56}},"9":{"start":{"line":21,"column":44},"end":{"line":21,"column":58}},"10":{"start":{"line":29,"column":21},"end":{"line":31,"column":3}},"11":{"start":{"line":30,"column":4},"end":{"line":30,"column":25}},"12":{"start":{"line":33,"column":2},"end":{"line":76,"column":4}},"13":{"start":{"line":41,"column":27},"end":{"line":41,"column":45}},"14":{"start":{"line":46,"column":27},"end":{"line":46,"column":45}},"15":{"start":{"line":52,"column":27},"end":{"line":52,"column":50}},"16":{"start":{"line":58,"column":27},"end":{"line":58,"column":46}}},"fnMap":{"0":{"name":"(anonymous_0)","decl":{"start":{"line":6,"column":27},"end":{"line":6,"column":28}},"loc":{"start":{"line":6,"column":33},"end":{"line":6,"column":69}},"line":6},"1":{"name":"(anonymous_1)","decl":{"start":{"line":7,"column":27},"end":{"line":7,"column":28}},"loc":{"start":{"line":7,"column":33},"end":{"line":7,"column":69}},"line":7},"2":{"name":"(anonymous_2)","decl":{"start":{"line":8,"column":23},"end":{"line":8,"column":24}},"loc":{"start":{"line":8,"column":29},"end":{"line":8,"column":61}},"line":8},"3":{"name":"(anonymous_3)","decl":{"start":{"line":9,"column":25},"end":{"line":9,"column":26}},"loc":{"start":{"line":9,"column":31},"end":{"line":9,"column":65}},"line":9},"4":{"name":"App","decl":{"start":{"line":19,"column":24},"end":{"line":19,"column":27}},"loc":{"start":{"line":19,"column":30},"end":{"line":77,"column":1}},"line":19},"5":{"name":"(anonymous_5)","decl":{"start":{"line":29,"column":21},"end":{"line":29,"column":22}},"loc":{"start":{"line":29,"column":31},"end":{"line":31,"column":3}},"line":29},"6":{"name":"(anonymous_6)","decl":{"start":{"line":41,"column":21},"end":{"line":41,"column":22}},"loc":{"start":{"line":41,"column":27},"end":{"line":41,"column":45}},"line":41},"7":{"name":"(anonymous_7)","decl":{"start":{"line":46,"column":21},"end":{"line":46,"column":22}},"loc":{"start":{"line":46,"column":27},"end":{"line":46,"column":45}},"line":46},"8":{"name":"(anonymous_8)","decl":{"start":{"line":52,"column":21},"end":{"line":52,"column":22}},"loc":{"start":{"line":52,"column":27},"end":{"line":52,"column":50}},"line":52},"9":{"name":"(anonymous_9)","decl":{"start":{"line":58,"column":21},"end":{"line":58,"column":22}},"loc":{"start":{"line":58,"column":27},"end":{"line":58,"column":46}},"line":58}},"branchMap":{"0":{"loc":{"start":{"line":40,"column":46},"end":{"line":40,"column":89}},"type":"cond-expr","locations":[{"start":{"line":40,"column":71},"end":{"line":40,"column":84}},{"start":{"line":40,"column":87},"end":{"line":40,"column":89}}],"line":40},"1":{"loc":{"start":{"line":45,"column":46},"end":{"line":45,"column":89}},"type":"cond-expr","locations":[{"start":{"line":45,"column":71},"end":{"line":45,"column":84}},{"start":{"line":45,"column":87},"end":{"line":45,"column":89}}],"line":45},"2":{"loc":{"start":{"line":51,"column":46},"end":{"line":51,"column":94}},"type":"cond-expr","locations":[{"start":{"line":51,"column":76},"end":{"line":51,"column":89}},{"start":{"line":51,"column":92},"end":{"line":51,"column":94}}],"line":51},"3":{"loc":{"start":{"line":57,"column":46},"end":{"line":57,"column":90}},"type":"cond-expr","locations":[{"start":{"line":57,"column":72},"end":{"line":57,"column":85}},{"start":{"line":57,"column":88},"end":{"line":57,"column":90}}],"line":57},"4":{"loc":{"start":{"line":68,"column":13},"end":{"line":68,"column":113}},"type":"binary-expr","locations":[{"start":{"line":68,"column":13},"end":{"line":68,"column":35}},{"start":{"line":68,"column":39},"end":{"line":68,"column":113}}],"line":68},"5":{"loc":{"start":{"line":69,"column":13},"end":{"line":69,"column":86}},"type":"binary-expr","locations":[{"start":{"line":69,"column":13},"end":{"line":69,"column":35}},{"start":{"line":69,"column":39},"end":{"line":69,"column":86}}],"line":69},"6":{"loc":{"start":{"line":70,"column":13},"end":{"line":70,"column":87}},"type":"binary-expr","locations":[{"start":{"line":70,"column":13},"end":{"line":70,"column":40}},{"start":{"line":70,"column":44},"end":{"line":70,"column":87}}],"line":70},"7":{"loc":{"start":{"line":71,"column":13},"end":{"line":71,"column":85}},"type":"binary-expr","locations":[{"start":{"line":71,"column":13},"end":{"line":71,"column":36}},{"start":{"line":71,"column":40},"end":{"line":71,"column":85}}],"line":71}},"s":{"0":1,"1":1,"2":1,"3":1,"4":1,"5":1,"6":1,"7":1,"8":10,"9":10,"10":10,"11":5,"12":10,"13":1,"14":0,"15":1,"16":1},"f":{"0":1,"1":1,"2":1,"3":1,"4":10,"5":5,"6":1,"7":0,"8":1,"9":1},"b":{"0":[6,4],"1":[2,8],"2":[1,9],"3":[1,9],"4":[10,6],"5":[10,2],"6":[10,1],"7":[10,1]},"_coverageSchema":"1a1c01bbd47fc00a2c39e90264f33305004495a9","hash":"3bf77b835622ee847f6e55901ff7e39735bae4d8"}
,"P:\\voter-guide-assistant\\frontend\\src\\api.js": {"path":"P:\\voter-guide-assistant\\frontend\\src\\api.js","statementMap":{"0":{"start":{"line":7,"column":23},"end":{"line":7,"column":113}},"1":{"start":{"line":10,"column":27},"end":{"line":10,"column":32}},"2":{"start":{"line":21,"column":28},"end":{"line":48,"column":1}},"3":{"start":{"line":22,"column":21},"end":{"line":22,"column":42}},"4":{"start":{"line":23,"column":20},"end":{"line":23,"column":76}},"5":{"start":{"line":23,"column":37},"end":{"line":23,"column":55}},"6":{"start":{"line":25,"column":2},"end":{"line":47,"column":3}},"7":{"start":{"line":26,"column":21},"end":{"line":31,"column":6}},"8":{"start":{"line":33,"column":4},"end":{"line":33,"column":28}},"9":{"start":{"line":35,"column":4},"end":{"line":38,"column":5}},"10":{"start":{"line":36,"column":27},"end":{"line":36,"column":48}},"11":{"start":{"line":37,"column":6},"end":{"line":37,"column":84}},"12":{"start":{"line":40,"column":4},"end":{"line":40,"column":27}},"13":{"start":{"line":42,"column":4},"end":{"line":42,"column":28}},"14":{"start":{"line":43,"column":4},"end":{"line":45,"column":5}},"15":{"start":{"line":44,"column":6},"end":{"line":44,"column":60}},"16":{"start":{"line":46,"column":4},"end":{"line":46,"column":16}},"17":{"start":{"line":60,"column":30},"end":{"line":84,"column":1}},"18":{"start":{"line":61,"column":21},"end":{"line":61,"column":42}},"19":{"start":{"line":62,"column":20},"end":{"line":62,"column":76}},"20":{"start":{"line":62,"column":37},"end":{"line":62,"column":55}},"21":{"start":{"line":64,"column":2},"end":{"line":83,"column":3}},"22":{"start":{"line":65,"column":21},"end":{"line":67,"column":6}},"23":{"start":{"line":69,"column":4},"end":{"line":69,"column":28}},"24":{"start":{"line":71,"column":4},"end":{"line":74,"column":5}},"25":{"start":{"line":72,"column":27},"end":{"line":72,"column":48}},"26":{"start":{"line":73,"column":6},"end":{"line":73,"column":73}},"27":{"start":{"line":76,"column":4},"end":{"line":76,"column":27}},"28":{"start":{"line":78,"column":4},"end":{"line":78,"column":28}},"29":{"start":{"line":79,"column":4},"end":{"line":81,"column":5}},"30":{"start":{"line":80,"column":6},"end":{"line":80,"column":60}},"31":{"start":{"line":82,"column":4},"end":{"line":82,"column":16}}},"fnMap":{"0":{"name":"(anonymous_0)","decl":{"start":{"line":21,"column":28},"end":{"line":21,"column":29}},"loc":{"start":{"line":21,"column":54},"end":{"line":48,"column":1}},"line":21},"1":{"name":"(anonymous_1)","decl":{"start":{"line":23,"column":31},"end":{"line":23,"column":32}},"loc":{"start":{"line":23,"column":37},"end":{"line":23,"column":55}},"line":23},"2":{"name":"(anonymous_2)","decl":{"start":{"line":60,"column":30},"end":{"line":60,"column":31}},"loc":{"start":{"line":60,"column":51},"end":{"line":84,"column":1}},"line":60},"3":{"name":"(anonymous_3)","decl":{"start":{"line":62,"column":31},"end":{"line":62,"column":32}},"loc":{"start":{"line":62,"column":37},"end":{"line":62,"column":55}},"line":62}},"branchMap":{"0":{"loc":{"start":{"line":7,"column":23},"end":{"line":7,"column":113}},"type":"binary-expr","locations":[{"start":{"line":7,"column":23},"end":{"line":7,"column":51}},{"start":{"line":7,"column":55},"end":{"line":7,"column":113}}],"line":7},"1":{"loc":{"start":{"line":35,"column":4},"end":{"line":38,"column":5}},"type":"if","locations":[{"start":{"line":35,"column":4},"end":{"line":38,"column":5}},{"start":{},"end":{}}],"line":35},"2":{"loc":{"start":{"line":37,"column":22},"end":{"line":37,"column":82}},"type":"binary-expr","locations":[{"start":{"line":37,"column":22},"end":{"line":37,"column":40}},{"start":{"line":37,"column":44},"end":{"line":37,"column":82}}],"line":37},"3":{"loc":{"start":{"line":43,"column":4},"end":{"line":45,"column":5}},"type":"if","locations":[{"start":{"line":43,"column":4},"end":{"line":45,"column":5}},{"start":{},"end":{}}],"line":43},"4":{"loc":{"start":{"line":71,"column":4},"end":{"line":74,"column":5}},"type":"if","locations":[{"start":{"line":71,"column":4},"end":{"line":74,"column":5}},{"start":{},"end":{}}],"line":71},"5":{"loc":{"start":{"line":73,"column":22},"end":{"line":73,"column":71}},"type":"binary-expr","locations":[{"start":{"line":73,"column":22},"end":{"line":73,"column":40}},{"start":{"line":73,"column":44},"end":{"line":73,"column":71}}],"line":73},"6":{"loc":{"start":{"line":79,"column":4},"end":{"line":81,"column":5}},"type":"if","locations":[{"start":{"line":79,"column":4},"end":{"line":81,"column":5}},{"start":{},"end":{}}],"line":79}},"s":{"0":1,"1":1,"2":1,"3":1,"4":1,"5":0,"6":1,"7":1,"8":0,"9":0,"10":0,"11":0,"12":0,"13":1,"14":1,"15":0,"16":1,"17":1,"18":2,"19":2,"20":0,"21":2,"22":2,"23":1,"24":1,"25":0,"26":0,"27":1,"28":1,"29":1,"30":0,"31":1},"f":{"0":1,"1":0,"2":2,"3":0},"b":{"0":[1,1],"1":[0,0],"2":[0,0],"3":[0,1],"4":[0,1],"5":[0,0],"6":[0,1]},"_coverageSchema":"1a1c01bbd47fc00a2c39e90264f33305004495a9","hash":"8fad5b8376853e19c1b71b87bd6fd3c1c15e3186"}
,"P:\\voter-guide-assistant\\frontend\\src\\firebase.js": {"path":"P:\\voter-guide-assistant\\frontend\\src\\firebase.js","statementMap":{"0":{"start":{"line":10,"column":23},"end":{"line":17,"column":1}},"1":{"start":{"line":20,"column":12},"end":{"line":20,"column":41}},"2":{"start":{"line":24,"column":18},"end":{"line":24,"column":35}},"3":{"start":{"line":28,"column":13},"end":{"line":28,"column":32}}},"fnMap":{},"branchMap":{},"s":{"0":0,"1":0,"2":0,"3":0},"f":{},"b":{}}
,"P:\\voter-guide-assistant\\frontend\\src\\components\\BoothFinder.jsx": {"path":"P:\\voter-guide-assistant\\frontend\\src\\components\\BoothFinder.jsx","statementMap":{"0":{"start":{"line":16,"column":38},"end":{"line":16,"column":50}},"1":{"start":{"line":17,"column":34},"end":{"line":17,"column":71}},"2":{"start":{"line":20,"column":2},"end":{"line":28,"column":22}},"3":{"start":{"line":21,"column":4},"end":{"line":27,"column":5}},"4":{"start":{"line":22,"column":6},"end":{"line":26,"column":11}},"5":{"start":{"line":23,"column":26},"end":{"line":23,"column":56}},"6":{"start":{"line":37,"column":23},"end":{"line":43,"column":3}},"7":{"start":{"line":38,"column":4},"end":{"line":38,"column":27}},"8":{"start":{"line":39,"column":4},"end":{"line":42,"column":5}},"9":{"start":{"line":40,"column":6},"end":{"line":40,"column":73}},"10":{"start":{"line":41,"column":6},"end":{"line":41,"column":38}},"11":{"start":{"line":45,"column":2},"end":{"line":51,"column":3}},"12":{"start":{"line":46,"column":4},"end":{"line":50,"column":6}},"13":{"start":{"line":53,"column":2},"end":{"line":87,"column":4}},"14":{"start":{"line":69,"column":33},"end":{"line":69,"column":66}},"15":{"start":{"line":90,"column":0},"end":{"line":93,"column":2}},"16":{"start":{"line":95,"column":0},"end":{"line":97,"column":2}}},"fnMap":{"0":{"name":"BoothFinder","decl":{"start":{"line":15,"column":24},"end":{"line":15,"column":35}},"loc":{"start":{"line":15,"column":55},"end":{"line":88,"column":1}},"line":15},"1":{"name":"(anonymous_1)","decl":{"start":{"line":20,"column":12},"end":{"line":20,"column":13}},"loc":{"start":{"line":20,"column":18},"end":{"line":28,"column":3}},"line":20},"2":{"name":"(anonymous_2)","decl":{"start":{"line":23,"column":14},"end":{"line":23,"column":15}},"loc":{"start":{"line":23,"column":26},"end":{"line":23,"column":56}},"line":23},"3":{"name":"(anonymous_3)","decl":{"start":{"line":24,"column":15},"end":{"line":24,"column":16}},"loc":{"start":{"line":24,"column":21},"end":{"line":26,"column":9}},"line":24},"4":{"name":"(anonymous_4)","decl":{"start":{"line":37,"column":23},"end":{"line":37,"column":24}},"loc":{"start":{"line":37,"column":34},"end":{"line":43,"column":3}},"line":37},"5":{"name":"(anonymous_5)","decl":{"start":{"line":69,"column":22},"end":{"line":69,"column":23}},"loc":{"start":{"line":69,"column":33},"end":{"line":69,"column":66}},"line":69}},"branchMap":{"0":{"loc":{"start":{"line":21,"column":4},"end":{"line":27,"column":5}},"type":"if","locations":[{"start":{"line":21,"column":4},"end":{"line":27,"column":5}},{"start":{},"end":{}}],"line":21},"1":{"loc":{"start":{"line":39,"column":4},"end":{"line":42,"column":5}},"type":"if","locations":[{"start":{"line":39,"column":4},"end":{"line":42,"column":5}},{"start":{},"end":{}}],"line":39},"2":{"loc":{"start":{"line":45,"column":2},"end":{"line":51,"column":3}},"type":"if","locations":[{"start":{"line":45,"column":2},"end":{"line":51,"column":3}},{"start":{},"end":{}}],"line":45}},"s":{"0":2,"1":2,"2":2,"3":2,"4":1,"5":1,"6":2,"7":0,"8":0,"9":0,"10":0,"11":2,"12":1,"13":1,"14":0,"15":1,"16":1},"f":{"0":2,"1":2,"2":1,"3":0,"4":0,"5":0},"b":{"0":[1,1],"1":[0,0],"2":[1,1]},"_coverageSchema":"1a1c01bbd47fc00a2c39e90264f33305004495a9","hash":"bf81781c7d96264331298f7afab0418f0aed5d00"}
,"P:\\voter-guide-assistant\\frontend\\src\\components\\ChatInterface.jsx": {"path":"P:\\voter-guide-assistant\\frontend\\src\\components\\ChatInterface.jsx","statementMap":{"0":{"start":{"line":19,"column":34},"end":{"line":21,"column":4}},"1":{"start":{"line":22,"column":28},"end":{"line":22,"column":40}},"2":{"start":{"line":23,"column":36},"end":{"line":23,"column":51}},"3":{"start":{"line":24,"column":40},"end":{"line":24,"column":55}},"4":{"start":{"line":25,"column":25},"end":{"line":25,"column":37}},"5":{"start":{"line":28,"column":25},"end":{"line":30,"column":3}},"6":{"start":{"line":29,"column":4},"end":{"line":29,"column":67}},"7":{"start":{"line":32,"column":2},"end":{"line":34,"column":28}},"8":{"start":{"line":33,"column":4},"end":{"line":33,"column":21}},"9":{"start":{"line":47,"column":21},"end":{"line":76,"column":3}},"10":{"start":{"line":48,"column":4},"end":{"line":48,"column":28}},"11":{"start":{"line":49,"column":4},"end":{"line":49,"column":61}},"12":{"start":{"line":49,"column":54},"end":{"line":49,"column":61}},"13":{"start":{"line":51,"column":20},"end":{"line":51,"column":32}},"14":{"start":{"line":52,"column":4},"end":{"line":52,"column":68}},"15":{"start":{"line":52,"column":24},"end":{"line":52,"column":66}},"16":{"start":{"line":53,"column":4},"end":{"line":53,"column":17}},"17":{"start":{"line":54,"column":4},"end":{"line":54,"column":23}},"18":{"start":{"line":57,"column":4},"end":{"line":57,"column":68}},"19":{"start":{"line":60,"column":20},"end":{"line":60,"column":51}},"20":{"start":{"line":61,"column":4},"end":{"line":61,"column":49}},"21":{"start":{"line":62,"column":4},"end":{"line":62,"column":20}},"22":{"start":{"line":64,"column":4},"end":{"line":75,"column":5}},"23":{"start":{"line":65,"column":23},"end":{"line":65,"column":65}},"24":{"start":{"line":67,"column":6},"end":{"line":67,"column":21}},"25":{"start":{"line":68,"column":6},"end":{"line":68,"column":76}},"26":{"start":{"line":68,"column":26},"end":{"line":68,"column":74}},"27":{"start":{"line":71,"column":6},"end":{"line":71,"column":21}},"28":{"start":{"line":72,"column":6},"end":{"line":72,"column":118}},"29":{"start":{"line":72,"column":26},"end":{"line":72,"column":116}},"30":{"start":{"line":74,"column":6},"end":{"line":74,"column":26}},"31":{"start":{"line":84,"column":25},"end":{"line":101,"column":3}},"32":{"start":{"line":85,"column":4},"end":{"line":88,"column":5}},"33":{"start":{"line":86,"column":6},"end":{"line":86,"column":65}},"34":{"start":{"line":87,"column":6},"end":{"line":87,"column":13}},"35":{"start":{"line":90,"column":30},"end":{"line":90,"column":88}},"36":{"start":{"line":91,"column":24},"end":{"line":91,"column":47}},"37":{"start":{"line":92,"column":4},"end":{"line":92,"column":35}},"38":{"start":{"line":93,"column":4},"end":{"line":93,"column":39}},"39":{"start":{"line":95,"column":4},"end":{"line":95,"column":58}},"40":{"start":{"line":95,"column":34},"end":{"line":95,"column":55}},"41":{"start":{"line":96,"column":4},"end":{"line":96,"column":84}},"42":{"start":{"line":96,"column":40},"end":{"line":96,"column":81}},"43":{"start":{"line":97,"column":4},"end":{"line":97,"column":97}},"44":{"start":{"line":97,"column":39},"end":{"line":97,"column":94}},"45":{"start":{"line":98,"column":4},"end":{"line":98,"column":57}},"46":{"start":{"line":98,"column":32},"end":{"line":98,"column":54}},"47":{"start":{"line":100,"column":4},"end":{"line":100,"column":24}},"48":{"start":{"line":103,"column":2},"end":{"line":111,"column":3}},"49":{"start":{"line":104,"column":4},"end":{"line":110,"column":6}},"50":{"start":{"line":113,"column":2},"end":{"line":167,"column":4}},"51":{"start":{"line":118,"column":12},"end":{"line":122,"column":18}},"52":{"start":{"line":152,"column":33},"end":{"line":152,"column":61}},"53":{"start":{"line":170,"column":0},"end":{"line":173,"column":2}},"54":{"start":{"line":175,"column":0},"end":{"line":177,"column":2}}},"fnMap":{"0":{"name":"ChatInterface","decl":{"start":{"line":18,"column":24},"end":{"line":18,"column":37}},"loc":{"start":{"line":18,"column":57},"end":{"line":168,"column":1}},"line":18},"1":{"name":"(anonymous_1)","decl":{"start":{"line":28,"column":25},"end":{"line":28,"column":26}},"loc":{"start":{"line":28,"column":31},"end":{"line":30,"column":3}},"line":28},"2":{"name":"(anonymous_2)","decl":{"start":{"line":32,"column":12},"end":{"line":32,"column":13}},"loc":{"start":{"line":32,"column":18},"end":{"line":34,"column":3}},"line":32},"3":{"name":"(anonymous_3)","decl":{"start":{"line":47,"column":21},"end":{"line":47,"column":22}},"loc":{"start":{"line":47,"column":38},"end":{"line":76,"column":3}},"line":47},"4":{"name":"(anonymous_4)","decl":{"start":{"line":52,"column":16},"end":{"line":52,"column":17}},"loc":{"start":{"line":52,"column":24},"end":{"line":52,"column":66}},"line":52},"5":{"name":"(anonymous_5)","decl":{"start":{"line":68,"column":18},"end":{"line":68,"column":19}},"loc":{"start":{"line":68,"column":26},"end":{"line":68,"column":74}},"line":68},"6":{"name":"(anonymous_6)","decl":{"start":{"line":72,"column":18},"end":{"line":72,"column":19}},"loc":{"start":{"line":72,"column":26},"end":{"line":72,"column":116}},"line":72},"7":{"name":"(anonymous_7)","decl":{"start":{"line":84,"column":25},"end":{"line":84,"column":26}},"loc":{"start":{"line":84,"column":31},"end":{"line":101,"column":3}},"line":84},"8":{"name":"(anonymous_8)","decl":{"start":{"line":95,"column":26},"end":{"line":95,"column":27}},"loc":{"start":{"line":95,"column":32},"end":{"line":95,"column":57}},"line":95},"9":{"name":"(anonymous_9)","decl":{"start":{"line":96,"column":27},"end":{"line":96,"column":28}},"loc":{"start":{"line":96,"column":38},"end":{"line":96,"column":83}},"line":96},"10":{"name":"(anonymous_10)","decl":{"start":{"line":97,"column":26},"end":{"line":97,"column":27}},"loc":{"start":{"line":97,"column":37},"end":{"line":97,"column":96}},"line":97},"11":{"name":"(anonymous_11)","decl":{"start":{"line":98,"column":24},"end":{"line":98,"column":25}},"loc":{"start":{"line":98,"column":30},"end":{"line":98,"column":56}},"line":98},"12":{"name":"(anonymous_12)","decl":{"start":{"line":117,"column":24},"end":{"line":117,"column":25}},"loc":{"start":{"line":118,"column":12},"end":{"line":122,"column":18}},"line":118},"13":{"name":"(anonymous_13)","decl":{"start":{"line":152,"column":22},"end":{"line":152,"column":23}},"loc":{"start":{"line":152,"column":33},"end":{"line":152,"column":61}},"line":152}},"branchMap":{"0":{"loc":{"start":{"line":49,"column":4},"end":{"line":49,"column":61}},"type":"if","locations":[{"start":{"line":49,"column":4},"end":{"line":49,"column":61}},{"start":{},"end":{}}],"line":49},"1":{"loc":{"start":{"line":49,"column":8},"end":{"line":49,"column":52}},"type":"binary-expr","locations":[{"start":{"line":49,"column":8},"end":{"line":49,"column":21}},{"start":{"line":49,"column":25},"end":{"line":49,"column":39}},{"start":{"line":49,"column":43},"end":{"line":49,"column":52}}],"line":49},"2":{"loc":{"start":{"line":85,"column":4},"end":{"line":88,"column":5}},"type":"if","locations":[{"start":{"line":85,"column":4},"end":{"line":88,"column":5}},{"start":{},"end":{}}],"line":85},"3":{"loc":{"start":{"line":85,"column":8},"end":{"line":85,"column":82}},"type":"binary-expr","locations":[{"start":{"line":85,"column":8},"end":{"line":85,"column":46}},{"start":{"line":85,"column":50},"end":{"line":85,"column":82}}],"line":85},"4":{"loc":{"start":{"line":90,"column":30},"end":{"line":90,"column":88}},"type":"binary-expr","locations":[{"start":{"line":90,"column":30},"end":{"line":90,"column":54}},{"start":{"line":90,"column":58},"end":{"line":90,"column":88}}],"line":90},"5":{"loc":{"start":{"line":103,"column":2},"end":{"line":111,"column":3}},"type":"if","locations":[{"start":{"line":103,"column":2},"end":{"line":111,"column":3}},{"start":{},"end":{}}],"line":103},"6":{"loc":{"start":{"line":118,"column":68},"end":{"line":118,"column":136}},"type":"cond-expr","locations":[{"start":{"line":118,"column":98},"end":{"line":118,"column":116}},{"start":{"line":118,"column":119},"end":{"line":118,"column":136}}],"line":118},"7":{"loc":{"start":{"line":119,"column":57},"end":{"line":119,"column":123}},"type":"cond-expr","locations":[{"start":{"line":119,"column":87},"end":{"line":119,"column":104}},{"start":{"line":119,"column":107},"end":{"line":119,"column":123}}],"line":119},"8":{"loc":{"start":{"line":124,"column":11},"end":{"line":132,"column":11}},"type":"binary-expr","locations":[{"start":{"line":124,"column":11},"end":{"line":124,"column":20}},{"start":{"line":125,"column":12},"end":{"line":131,"column":18}}],"line":124},"9":{"loc":{"start":{"line":139,"column":46},"end":{"line":139,"column":81}},"type":"cond-expr","locations":[{"start":{"line":139,"column":60},"end":{"line":139,"column":76}},{"start":{"line":139,"column":79},"end":{"line":139,"column":81}}],"line":139},"10":{"loc":{"start":{"line":145,"column":13},"end":{"line":145,"column":43}},"type":"cond-expr","locations":[{"start":{"line":145,"column":27},"end":{"line":145,"column":35}},{"start":{"line":145,"column":38},"end":{"line":145,"column":43}}],"line":145},"11":{"loc":{"start":{"line":159,"column":22},"end":{"line":159,"column":48}},"type":"binary-expr","locations":[{"start":{"line":159,"column":22},"end":{"line":159,"column":35}},{"start":{"line":159,"column":39},"end":{"line":159,"column":48}}],"line":159}},"s":{"0":158,"1":158,"2":158,"3":158,"4":158,"5":158,"6":26,"7":158,"8":26,"9":158,"10":7,"11":7,"12":0,"13":7,"14":7,"15":7,"16":7,"17":7,"18":7,"19":7,"20":7,"21":7,"22":7,"23":7,"24":5,"25":5,"26":5,"27":2,"28":2,"29":2,"30":7,"31":158,"32":0,"33":0,"34":0,"35":0,"36":0,"37":0,"38":0,"39":0,"40":0,"41":0,"42":0,"43":0,"44":0,"45":0,"46":0,"47":0,"48":158,"49":1,"50":157,"51":178,"52":132,"53":1,"54":1},"f":{"0":158,"1":26,"2":26,"3":7,"4":7,"5":5,"6":2,"7":0,"8":0,"9":0,"10":0,"11":0,"12":178,"13":132},"b":{"0":[0,7],"1":[7,7,7],"2":[0,0],"3":[0,0],"4":[0,0],"5":[1,157],"6":[14,164],"7":[14,164],"8":[157,7],"9":[0,157],"10":[0,157],"11":[157,132]},"_coverageSchema":"1a1c01bbd47fc00a2c39e90264f33305004495a9","hash":"f14782bae3a03a750c657b1775a4f329916a34b2"}
,"P:\\voter-guide-assistant\\frontend\\src\\components\\Checklist.jsx": {"path":"P:\\voter-guide-assistant\\frontend\\src\\components\\Checklist.jsx","statementMap":{"0":{"start":{"line":16,"column":26},"end":{"line":16,"column":40}},"1":{"start":{"line":17,"column":36},"end":{"line":17,"column":51}},"2":{"start":{"line":18,"column":28},"end":{"line":18,"column":42}},"3":{"start":{"line":19,"column":36},"end":{"line":19,"column":53}},"4":{"start":{"line":22,"column":2},"end":{"line":34,"column":22}},"5":{"start":{"line":23,"column":4},"end":{"line":23,"column":31}},"6":{"start":{"line":23,"column":24},"end":{"line":23,"column":31}},"7":{"start":{"line":25,"column":4},"end":{"line":25,"column":23}},"8":{"start":{"line":26,"column":4},"end":{"line":33,"column":42}},"9":{"start":{"line":28,"column":8},"end":{"line":28,"column":26}},"10":{"start":{"line":29,"column":8},"end":{"line":29,"column":23}},"11":{"start":{"line":30,"column":8},"end":{"line":30,"column":74}},"12":{"start":{"line":32,"column":22},"end":{"line":32,"column":45}},"13":{"start":{"line":33,"column":21},"end":{"line":33,"column":40}},"14":{"start":{"line":42,"column":22},"end":{"line":65,"column":3}},"15":{"start":{"line":43,"column":4},"end":{"line":43,"column":22}},"16":{"start":{"line":43,"column":15},"end":{"line":43,"column":22}},"17":{"start":{"line":46,"column":6},"end":{"line":48,"column":65}},"18":{"start":{"line":47,"column":41},"end":{"line":47,"column":60}},"19":{"start":{"line":50,"column":4},"end":{"line":64,"column":5}},"20":{"start":{"line":51,"column":6},"end":{"line":55,"column":7}},"21":{"start":{"line":52,"column":8},"end":{"line":52,"column":91}},"22":{"start":{"line":57,"column":6},"end":{"line":63,"column":7}},"23":{"start":{"line":58,"column":8},"end":{"line":58,"column":57}},"24":{"start":{"line":59,"column":8},"end":{"line":59,"column":32}},"25":{"start":{"line":60,"column":8},"end":{"line":60,"column":54}},"26":{"start":{"line":60,"column":25},"end":{"line":60,"column":46}},"27":{"start":{"line":67,"column":2},"end":{"line":73,"column":3}},"28":{"start":{"line":68,"column":4},"end":{"line":72,"column":6}},"29":{"start":{"line":75,"column":2},"end":{"line":77,"column":3}},"30":{"start":{"line":76,"column":4},"end":{"line":76,"column":74}},"31":{"start":{"line":79,"column":2},"end":{"line":81,"column":3}},"32":{"start":{"line":80,"column":4},"end":{"line":80,"column":90}},"33":{"start":{"line":83,"column":2},"end":{"line":83,"column":25}},"34":{"start":{"line":83,"column":13},"end":{"line":83,"column":25}},"35":{"start":{"line":85,"column":2},"end":{"line":116,"column":4}},"36":{"start":{"line":104,"column":10},"end":{"line":108,"column":18}},"37":{"start":{"line":119,"column":0},"end":{"line":122,"column":2}},"38":{"start":{"line":124,"column":0},"end":{"line":126,"column":2}}},"fnMap":{"0":{"name":"Checklist","decl":{"start":{"line":15,"column":24},"end":{"line":15,"column":33}},"loc":{"start":{"line":15,"column":53},"end":{"line":117,"column":1}},"line":15},"1":{"name":"(anonymous_1)","decl":{"start":{"line":22,"column":12},"end":{"line":22,"column":13}},"loc":{"start":{"line":22,"column":18},"end":{"line":34,"column":3}},"line":22},"2":{"name":"(anonymous_2)","decl":{"start":{"line":27,"column":12},"end":{"line":27,"column":13}},"loc":{"start":{"line":27,"column":24},"end":{"line":31,"column":7}},"line":27},"3":{"name":"(anonymous_3)","decl":{"start":{"line":32,"column":13},"end":{"line":32,"column":14}},"loc":{"start":{"line":32,"column":22},"end":{"line":32,"column":45}},"line":32},"4":{"name":"(anonymous_4)","decl":{"start":{"line":33,"column":15},"end":{"line":33,"column":16}},"loc":{"start":{"line":33,"column":21},"end":{"line":33,"column":40}},"line":33},"5":{"name":"(anonymous_5)","decl":{"start":{"line":42,"column":22},"end":{"line":42,"column":23}},"loc":{"start":{"line":42,"column":34},"end":{"line":65,"column":3}},"line":42},"6":{"name":"(anonymous_6)","decl":{"start":{"line":47,"column":25},"end":{"line":47,"column":26}},"loc":{"start":{"line":47,"column":41},"end":{"line":47,"column":60}},"line":47},"7":{"name":"(anonymous_7)","decl":{"start":{"line":60,"column":19},"end":{"line":60,"column":20}},"loc":{"start":{"line":60,"column":25},"end":{"line":60,"column":46}},"line":60},"8":{"name":"(anonymous_8)","decl":{"start":{"line":103,"column":28},"end":{"line":103,"column":29}},"loc":{"start":{"line":104,"column":10},"end":{"line":108,"column":18}},"line":104}},"branchMap":{"0":{"loc":{"start":{"line":23,"column":4},"end":{"line":23,"column":31}},"type":"if","locations":[{"start":{"line":23,"column":4},"end":{"line":23,"column":31}},{"start":{},"end":{}}],"line":23},"1":{"loc":{"start":{"line":43,"column":4},"end":{"line":43,"column":22}},"type":"if","locations":[{"start":{"line":43,"column":4},"end":{"line":43,"column":22}},{"start":{},"end":{}}],"line":43},"2":{"loc":{"start":{"line":50,"column":4},"end":{"line":64,"column":5}},"type":"if","locations":[{"start":{"line":50,"column":4},"end":{"line":64,"column":5}},{"start":{"line":56,"column":11},"end":{"line":64,"column":5}}],"line":50},"3":{"loc":{"start":{"line":67,"column":2},"end":{"line":73,"column":3}},"type":"if","locations":[{"start":{"line":67,"column":2},"end":{"line":73,"column":3}},{"start":{},"end":{}}],"line":67},"4":{"loc":{"start":{"line":75,"column":2},"end":{"line":77,"column":3}},"type":"if","locations":[{"start":{"line":75,"column":2},"end":{"line":77,"column":3}},{"start":{},"end":{}}],"line":75},"5":{"loc":{"start":{"line":79,"column":2},"end":{"line":81,"column":3}},"type":"if","locations":[{"start":{"line":79,"column":2},"end":{"line":81,"column":3}},{"start":{},"end":{}}],"line":79},"6":{"loc":{"start":{"line":83,"column":2},"end":{"line":83,"column":25}},"type":"if","locations":[{"start":{"line":83,"column":2},"end":{"line":83,"column":25}},{"start":{},"end":{}}],"line":83}},"s":{"0":30,"1":30,"2":30,"3":30,"4":30,"5":11,"6":1,"7":10,"8":10,"9":8,"10":8,"11":8,"12":1,"13":9,"14":30,"15":0,"16":0,"17":0,"18":0,"19":0,"20":0,"21":0,"22":0,"23":0,"24":0,"25":0,"26":0,"27":30,"28":1,"29":29,"30":10,"31":19,"32":1,"33":18,"34":9,"35":9,"36":27,"37":1,"38":1},"f":{"0":30,"1":11,"2":8,"3":1,"4":9,"5":0,"6":0,"7":0,"8":27},"b":{"0":[1,10],"1":[0,0],"2":[0,0],"3":[1,29],"4":[10,19],"5":[1,18],"6":[9,9]},"_coverageSchema":"1a1c01bbd47fc00a2c39e90264f33305004495a9","hash":"9ebfc9cc3f0250cae8ec569c8b9dd987a9ac1e76"}
,"P:\\voter-guide-assistant\\frontend\\src\\components\\ErrorBoundary.jsx": {"path":"P:\\voter-guide-assistant\\frontend\\src\\components\\ErrorBoundary.jsx","statementMap":{"0":{"start":{"line":15,"column":4},"end":{"line":15,"column":17}},"1":{"start":{"line":17,"column":4},"end":{"line":17,"column":55}},"2":{"start":{"line":28,"column":4},"end":{"line":28,"column":59}},"3":{"start":{"line":40,"column":4},"end":{"line":40,"column":80}},"4":{"start":{"line":44,"column":4},"end":{"line":59,"column":5}},"5":{"start":{"line":45,"column":6},"end":{"line":58,"column":8}},"6":{"start":{"line":53,"column":27},"end":{"line":53,"column":79}},"7":{"start":{"line":61,"column":4},"end":{"line":61,"column":31}},"8":{"start":{"line":66,"column":15},"end":{"line":98,"column":1}},"9":{"start":{"line":100,"column":0},"end":{"line":103,"column":2}}},"fnMap":{"0":{"name":"(anonymous_0)","decl":{"start":{"line":14,"column":2},"end":{"line":14,"column":3}},"loc":{"start":{"line":14,"column":21},"end":{"line":18,"column":3}},"line":14},"1":{"name":"(anonymous_1)","decl":{"start":{"line":27,"column":2},"end":{"line":27,"column":3}},"loc":{"start":{"line":27,"column":41},"end":{"line":29,"column":3}},"line":27},"2":{"name":"(anonymous_2)","decl":{"start":{"line":39,"column":2},"end":{"line":39,"column":3}},"loc":{"start":{"line":39,"column":33},"end":{"line":41,"column":3}},"line":39},"3":{"name":"(anonymous_3)","decl":{"start":{"line":43,"column":2},"end":{"line":43,"column":3}},"loc":{"start":{"line":43,"column":11},"end":{"line":62,"column":3}},"line":43},"4":{"name":"(anonymous_4)","decl":{"start":{"line":53,"column":21},"end":{"line":53,"column":22}},"loc":{"start":{"line":53,"column":27},"end":{"line":53,"column":79}},"line":53}},"branchMap":{"0":{"loc":{"start":{"line":44,"column":4},"end":{"line":59,"column":5}},"type":"if","locations":[{"start":{"line":44,"column":4},"end":{"line":59,"column":5}},{"start":{},"end":{}}],"line":44},"1":{"loc":{"start":{"line":49,"column":13},"end":{"line":49,"column":96}},"type":"binary-expr","locations":[{"start":{"line":49,"column":13},"end":{"line":49,"column":36}},{"start":{"line":49,"column":40},"end":{"line":49,"column":96}}],"line":49}},"s":{"0":17,"1":16,"2":10,"3":5,"4":33,"5":10,"6":1,"7":23,"8":2,"9":2},"f":{"0":17,"1":10,"2":5,"3":33,"4":1},"b":{"0":[10,23],"1":[10,0]},"_coverageSchema":"1a1c01bbd47fc00a2c39e90264f33305004495a9","hash":"98fde6878073bcfa68a22c731268931be60ae9dd"}
,"P:\\voter-guide-assistant\\frontend\\src\\components\\StateSelector.jsx": {"path":"P:\\voter-guide-assistant\\frontend\\src\\components\\StateSelector.jsx","statementMap":{"0":{"start":{"line":7,"column":22},"end":{"line":19,"column":1}},"1":{"start":{"line":29,"column":38},"end":{"line":29,"column":50}},"2":{"start":{"line":32,"column":2},"end":{"line":34,"column":9}},"3":{"start":{"line":33,"column":4},"end":{"line":33,"column":70}},"4":{"start":{"line":42,"column":22},"end":{"line":47,"column":3}},"5":{"start":{"line":43,"column":4},"end":{"line":46,"column":5}},"6":{"start":{"line":44,"column":6},"end":{"line":44,"column":32}},"7":{"start":{"line":45,"column":6},"end":{"line":45,"column":25}},"8":{"start":{"line":49,"column":2},"end":{"line":83,"column":4}},"9":{"start":{"line":63,"column":31},"end":{"line":63,"column":64}},"10":{"start":{"line":67,"column":12},"end":{"line":69,"column":21}},"11":{"start":{"line":86,"column":0},"end":{"line":91,"column":2}}},"fnMap":{"0":{"name":"StateSelector","decl":{"start":{"line":28,"column":24},"end":{"line":28,"column":37}},"loc":{"start":{"line":28,"column":69},"end":{"line":84,"column":1}},"line":28},"1":{"name":"(anonymous_1)","decl":{"start":{"line":32,"column":12},"end":{"line":32,"column":13}},"loc":{"start":{"line":32,"column":18},"end":{"line":34,"column":3}},"line":32},"2":{"name":"(anonymous_2)","decl":{"start":{"line":42,"column":22},"end":{"line":42,"column":23}},"loc":{"start":{"line":42,"column":28},"end":{"line":47,"column":3}},"line":42},"3":{"name":"(anonymous_3)","decl":{"start":{"line":63,"column":20},"end":{"line":63,"column":21}},"loc":{"start":{"line":63,"column":31},"end":{"line":63,"column":64}},"line":63},"4":{"name":"(anonymous_4)","decl":{"start":{"line":66,"column":29},"end":{"line":66,"column":30}},"loc":{"start":{"line":67,"column":12},"end":{"line":69,"column":21}},"line":67}},"branchMap":{"0":{"loc":{"start":{"line":43,"column":4},"end":{"line":46,"column":5}},"type":"if","locations":[{"start":{"line":43,"column":4},"end":{"line":46,"column":5}},{"start":{},"end":{}}],"line":43}},"s":{"0":1,"1":10,"2":10,"3":8,"4":10,"5":1,"6":1,"7":1,"8":10,"9":2,"10":110,"11":1},"f":{"0":10,"1":8,"2":1,"3":2,"4":110},"b":{"0":[1,0]},"_coverageSchema":"1a1c01bbd47fc00a2c39e90264f33305004495a9","hash":"275c48ec6c1bc3173a560d23431d515b637cb8b2"}
}
