TN:
SF:src\App.jsx
FN:6,(anonymous_0)
FN:7,(anonymous_1)
FN:8,(anonymous_2)
FN:9,(anonymous_3)
FN:19,App
FN:29,(anonymous_5)
FN:41,(anonymous_6)
FN:46,(anonymous_7)
FN:52,(anonymous_8)
FN:58,(anonymous_9)
FNF:10
FNH:9
FNDA:1,(anonymous_0)
FNDA:1,(anonymous_1)
FNDA:1,(anonymous_2)
FNDA:1,(anonymous_3)
FNDA:10,App
FNDA:5,(anonymous_5)
FNDA:1,(anonymous_6)
FNDA:0,(anonymous_7)
FNDA:1,(anonymous_8)
FNDA:1,(anonymous_9)
DA:6,1
DA:7,1
DA:8,1
DA:9,1
DA:20,10
DA:21,10
DA:29,10
DA:30,5
DA:33,10
DA:41,1
DA:46,0
DA:52,1
DA:58,1
LF:13
LH:12
BRDA:40,0,0,6
BRDA:40,0,1,4
BRDA:45,1,0,2
BRDA:45,1,1,8
BRDA:51,2,0,1
BRDA:51,2,1,9
BRDA:57,3,0,1
BRDA:57,3,1,9
BRDA:68,4,0,10
BRDA:68,4,1,6
BRDA:69,5,0,10
BRDA:69,5,1,2
BRDA:70,6,0,10
BRDA:70,6,1,1
BRDA:71,7,0,10
BRDA:71,7,1,1
BRF:16
BRH:16
end_of_record
TN:
SF:src\api.js
FN:21,(anonymous_0)
FN:23,(anonymous_1)
FN:60,(anonymous_2)
FN:62,(anonymous_3)
FNF:4
FNH:2
FNDA:1,(anonymous_0)
FNDA:0,(anonymous_1)
FNDA:2,(anonymous_2)
FNDA:0,(anonymous_3)
DA:7,1
DA:10,1
DA:21,1
DA:22,1
DA:23,1
DA:25,1
DA:26,1
DA:33,0
DA:35,0
DA:36,0
DA:37,0
DA:40,0
DA:42,1
DA:43,1
DA:44,0
DA:46,1
DA:60,1
DA:61,2
DA:62,2
DA:64,2
DA:65,2
DA:69,1
DA:71,1
DA:72,0
DA:73,0
DA:76,1
DA:78,1
DA:79,1
DA:80,0
DA:82,1
LF:30
LH:21
BRDA:7,0,0,1
BRDA:7,0,1,1
BRDA:35,1,0,0
BRDA:35,1,1,0
BRDA:37,2,0,0
BRDA:37,2,1,0
BRDA:43,3,0,0
BRDA:43,3,1,1
BRDA:71,4,0,0
BRDA:71,4,1,1
BRDA:73,5,0,0
BRDA:73,5,1,0
BRDA:79,6,0,0
BRDA:79,6,1,1
BRF:14
BRH:5
end_of_record
TN:
SF:src\firebase.js
FNF:0
FNH:0
DA:10,0
DA:20,0
DA:24,0
DA:28,0
LF:4
LH:0
BRF:0
BRH:0
end_of_record
TN:
SF:src\components\BoothFinder.jsx
FN:15,BoothFinder
FN:20,(anonymous_1)
FN:23,(anonymous_2)
FN:24,(anonymous_3)
FN:37,(anonymous_4)
FN:69,(anonymous_5)
FNF:6
FNH:3
FNDA:2,BoothFinder
FNDA:2,(anonymous_1)
FNDA:1,(anonymous_2)
FNDA:0,(anonymous_3)
FNDA:0,(anonymous_4)
FNDA:0,(anonymous_5)
DA:16,2
DA:17,2
DA:20,2
DA:21,2
DA:22,1
DA:23,1
DA:37,2
DA:38,0
DA:39,0
DA:40,0
DA:41,0
DA:45,2
DA:46,1
DA:53,1
DA:69,0
DA:90,1
DA:95,1
LF:17
LH:12
BRDA:21,0,0,1
BRDA:21,0,1,1
BRDA:39,1,0,0
BRDA:39,1,1,0
BRDA:45,2,0,1
BRDA:45,2,1,1
BRF:6
BRH:4
end_of_record
TN:
SF:src\components\ChatInterface.jsx
FN:18,ChatInterface
FN:28,(anonymous_1)
FN:32,(anonymous_2)
FN:47,(anonymous_3)
FN:52,(anonymous_4)
FN:68,(anonymous_5)
FN:72,(anonymous_6)
FN:84,(anonymous_7)
FN:95,(anonymous_8)
FN:96,(anonymous_9)
FN:97,(anonymous_10)
FN:98,(anonymous_11)
FN:117,(anonymous_12)
FN:152,(anonymous_13)
FNF:14
FNH:9
FNDA:158,ChatInterface
FNDA:26,(anonymous_1)
FNDA:26,(anonymous_2)
FNDA:7,(anonymous_3)
FNDA:7,(anonymous_4)
FNDA:5,(anonymous_5)
FNDA:2,(anonymous_6)
FNDA:0,(anonymous_7)
FNDA:0,(anonymous_8)
FNDA:0,(anonymous_9)
FNDA:0,(anonymous_10)
FNDA:0,(anonymous_11)
FNDA:178,(anonymous_12)
FNDA:132,(anonymous_13)
DA:19,158
DA:22,158
DA:23,158
DA:24,158
DA:25,158
DA:28,158
DA:29,26
DA:32,158
DA:33,26
DA:47,158
DA:48,7
DA:49,7
DA:51,7
DA:52,7
DA:53,7
DA:54,7
DA:57,7
DA:60,7
DA:61,7
DA:62,7
DA:64,7
DA:65,7
DA:67,5
DA:68,5
DA:71,2
DA:72,2
DA:74,7
DA:84,158
DA:85,0
DA:86,0
DA:87,0
DA:90,0
DA:91,0
DA:92,0
DA:93,0
DA:95,0
DA:96,0
DA:97,0
DA:98,0
DA:100,0
DA:103,158
DA:104,1
DA:113,157
DA:118,178
DA:152,132
DA:170,1
DA:175,1
LF:47
LH:35
BRDA:49,0,0,0
BRDA:49,0,1,7
BRDA:49,1,0,7
BRDA:49,1,1,7
BRDA:49,1,2,7
BRDA:85,2,0,0
BRDA:85,2,1,0
BRDA:85,3,0,0
BRDA:85,3,1,0
BRDA:90,4,0,0
BRDA:90,4,1,0
BRDA:103,5,0,1
BRDA:103,5,1,157
BRDA:118,6,0,14
BRDA:118,6,1,164
BRDA:119,7,0,14
BRDA:119,7,1,164
BRDA:124,8,0,157
BRDA:124,8,1,7
BRDA:139,9,0,0
BRDA:139,9,1,157
BRDA:145,10,0,0
BRDA:145,10,1,157
BRDA:159,11,0,157
BRDA:159,11,1,132
BRF:25
BRH:16
end_of_record
TN:
SF:src\components\Checklist.jsx
FN:15,Checklist
FN:22,(anonymous_1)
FN:27,(anonymous_2)
FN:32,(anonymous_3)
FN:33,(anonymous_4)
FN:42,(anonymous_5)
FN:47,(anonymous_6)
FN:60,(anonymous_7)
FN:103,(anonymous_8)
FNF:9
FNH:6
FNDA:30,Checklist
FNDA:11,(anonymous_1)
FNDA:8,(anonymous_2)
FNDA:1,(anonymous_3)
FNDA:9,(anonymous_4)
FNDA:0,(anonymous_5)
FNDA:0,(anonymous_6)
FNDA:0,(anonymous_7)
FNDA:27,(anonymous_8)
DA:16,30
DA:17,30
DA:18,30
DA:19,30
DA:22,30
DA:23,11
DA:25,10
DA:26,10
DA:28,8
DA:29,8
DA:30,8
DA:32,1
DA:33,9
DA:42,30
DA:43,0
DA:46,0
DA:47,0
DA:50,0
DA:51,0
DA:52,0
DA:57,0
DA:58,0
DA:59,0
DA:60,0
DA:67,30
DA:68,1
DA:75,29
DA:76,10
DA:79,19
DA:80,1
DA:83,18
DA:85,9
DA:104,27
DA:119,1
DA:124,1
LF:35
LH:25
BRDA:23,0,0,1
BRDA:23,0,1,10
BRDA:43,1,0,0
BRDA:43,1,1,0
BRDA:50,2,0,0
BRDA:50,2,1,0
BRDA:67,3,0,1
BRDA:67,3,1,29
BRDA:75,4,0,10
BRDA:75,4,1,19
BRDA:79,5,0,1
BRDA:79,5,1,18
BRDA:83,6,0,9
BRDA:83,6,1,9
BRF:14
BRH:10
end_of_record
TN:
SF:src\components\ErrorBoundary.jsx
FN:14,(anonymous_0)
FN:27,(anonymous_1)
FN:39,(anonymous_2)
FN:43,(anonymous_3)
FN:53,(anonymous_4)
FNF:5
FNH:5
FNDA:17,(anonymous_0)
FNDA:10,(anonymous_1)
FNDA:5,(anonymous_2)
FNDA:33,(anonymous_3)
FNDA:1,(anonymous_4)
DA:15,17
DA:17,16
DA:28,10
DA:40,5
DA:44,33
DA:45,10
DA:53,1
DA:61,23
DA:66,2
DA:100,2
LF:10
LH:10
BRDA:44,0,0,10
BRDA:44,0,1,23
BRDA:49,1,0,10
BRDA:49,1,1,0
BRF:4
BRH:3
end_of_record
TN:
SF:src\components\StateSelector.jsx
FN:28,StateSelector
FN:32,(anonymous_1)
FN:42,(anonymous_2)
FN:63,(anonymous_3)
FN:66,(anonymous_4)
FNF:5
FNH:5
FNDA:10,StateSelector
FNDA:8,(anonymous_1)
FNDA:1,(anonymous_2)
FNDA:2,(anonymous_3)
FNDA:110,(anonymous_4)
DA:7,1
DA:29,10
DA:32,10
DA:33,8
DA:42,10
DA:43,1
DA:44,1
DA:45,1
DA:49,10
DA:63,2
DA:67,110
DA:86,1
LF:12
LH:12
BRDA:43,0,0,1
BRDA:43,0,1,0
BRF:2
BRH:1
end_of_record
