<?xml version="1.0" encoding="UTF-8"?>
<coverage generated="1777296852368" clover="3.2.0">
  <project timestamp="1777296852369" name="All files">
    <metrics statements="80" coveredstatements="75" conditionals="14" coveredconditionals="11" methods="10" coveredmethods="8" elements="104" coveredelements="94" complexity="0" loc="80" ncloc="80" packages="1" files="2" classes="2"/>
    <file name="constants.js" path="P:\voter-guide-assistant\backend\constants.js">
      <metrics statements="4" coveredstatements="4" conditionals="0" coveredconditionals="0" methods="0" coveredmethods="0"/>
      <line num="6" count="1" type="stmt"/>
      <line num="9" count="1" type="stmt"/>
      <line num="12" count="1" type="stmt"/>
      <line num="17" count="1" type="stmt"/>
    </file>
    <file name="server.js" path="P:\voter-guide-assistant\backend\server.js">
      <metrics statements="76" coveredstatements="71" conditionals="14" coveredconditionals="11" methods="10" coveredmethods="8"/>
      <line num="1" count="1" type="stmt"/>
      <line num="2" count="1" type="stmt"/>
      <line num="3" count="1" type="stmt"/>
      <line num="4" count="1" type="stmt"/>
      <line num="5" count="1" type="stmt"/>
      <line num="6" count="1" type="stmt"/>
      <line num="7" count="1" type="stmt"/>
      <line num="8" count="1" type="stmt"/>
      <line num="9" count="1" type="stmt"/>
      <line num="10" count="1" type="stmt"/>
      <line num="14" count="1" type="stmt"/>
      <line num="17" count="1" type="stmt"/>
      <line num="35" count="1" type="stmt"/>
      <line num="37" count="1" type="stmt"/>
      <line num="38" count="1" type="cond" truecount="1" falsecount="1"/>
      <line num="41" count="1" type="stmt"/>
      <line num="52" count="1" type="stmt"/>
      <line num="73" count="1" type="stmt"/>
      <line num="80" count="1" type="stmt"/>
      <line num="86" count="1" type="stmt"/>
      <line num="98" count="1" type="stmt"/>
      <line num="103" count="1" type="stmt"/>
      <line num="111" count="1" type="cond" truecount="1" falsecount="1"/>
      <line num="115" count="1" type="stmt"/>
      <line num="122" count="1" type="stmt"/>
      <line num="133" count="1" type="stmt"/>
      <line num="134" count="34" type="stmt"/>
      <line num="135" count="34" type="stmt"/>
      <line num="136" count="34" type="stmt"/>
      <line num="137" count="34" type="stmt"/>
      <line num="138" count="34" type="stmt"/>
      <line num="139" count="34" type="stmt"/>
      <line num="153" count="1" type="stmt"/>
      <line num="154" count="19" type="stmt"/>
      <line num="155" count="19" type="cond" truecount="2" falsecount="0"/>
      <line num="156" count="9" type="stmt"/>
      <line num="157" count="22" type="stmt"/>
      <line num="160" count="10" type="stmt"/>
      <line num="164" count="1" type="stmt"/>
      <line num="184" count="1" type="stmt"/>
      <line num="203" count="1" type="stmt"/>
      <line num="204" count="9" type="stmt"/>
      <line num="216" count="1" type="stmt"/>
      <line num="217" count="4" type="stmt"/>
      <line num="244" count="1" type="stmt"/>
      <line num="245" count="6" type="stmt"/>
      <line num="247" count="6" type="stmt"/>
      <line num="248" count="6" type="cond" truecount="2" falsecount="0"/>
      <line num="249" count="1" type="stmt"/>
      <line num="252" count="5" type="stmt"/>
      <line num="253" count="5" type="stmt"/>
      <line num="254" count="5" type="stmt"/>
      <line num="260" count="5" type="stmt"/>
      <line num="266" count="5" type="stmt"/>
      <line num="267" count="5" type="stmt"/>
      <line num="269" count="5" type="stmt"/>
      <line num="272" count="0" type="stmt"/>
      <line num="273" count="0" type="stmt"/>
      <line num="287" count="1" type="stmt"/>
      <line num="288" count="4" type="stmt"/>
      <line num="291" count="4" type="cond" truecount="2" falsecount="0"/>
      <line num="292" count="1" type="stmt"/>
      <line num="295" count="3" type="stmt"/>
      <line num="297" count="3" type="cond" truecount="2" falsecount="0"/>
      <line num="298" count="1" type="stmt"/>
      <line num="301" count="2" type="stmt"/>
      <line num="308" count="2" type="stmt"/>
      <line num="309" count="2" type="stmt"/>
      <line num="322" count="1" type="stmt"/>
      <line num="323" count="2" type="stmt"/>
      <line num="340" count="1" type="stmt"/>
      <line num="341" count="0" type="stmt"/>
      <line num="342" count="0" type="stmt"/>
      <line num="347" count="1" type="cond" truecount="1" falsecount="1"/>
      <line num="348" count="0" type="stmt"/>
      <line num="353" count="1" type="stmt"/>
    </file>
  </project>
</coverage>
