{"P:\\voter-guide-assistant\\backend\\constants.js": {"path":"P:\\voter-guide-assistant\\backend\\constants.js","statementMap":{"0":{"start":{"line":6,"column":27},"end":{"line":6,"column":30}},"1":{"start":{"line":9,"column":20},"end":{"line":9,"column":25}},"2":{"start":{"line":12,"column":25},"end":{"line":15,"column":1}},"3":{"start":{"line":17,"column":0},"end":{"line":17,"column":71}}},"fnMap":{},"branchMap":{},"s":{"0":1,"1":1,"2":1,"3":1},"f":{},"b":{},"_coverageSchema":"1a1c01bbd47fc00a2c39e90264f33305004495a9","hash":"03daafc29dd6813dcb6ac4b56838c85b8de5efd1"}
,"P:\\voter-guide-assistant\\backend\\server.js": {"path":"P:\\voter-guide-assistant\\backend\\server.js","statementMap":{"0":{"start":{"line":1,"column":0},"end":{"line":1,"column":76}},"1":{"start":{"line":2,"column":16},"end":{"line":2,"column":34}},"2":{"start":{"line":3,"column":13},"end":{"line":3,"column":28}},"3":{"start":{"line":4,"column":20},"end":{"line":4,"column":42}},"4":{"start":{"line":5,"column":15},"end":{"line":5,"column":32}},"5":{"start":{"line":6,"column":18},"end":{"line":6,"column":47}},"6":{"start":{"line":7,"column":12},"end":{"line":7,"column":26}},"7":{"start":{"line":8,"column":42},"end":{"line":8,"column":70}},"8":{"start":{"line":9,"column":31},"end":{"line":9,"column":63}},"9":{"start":{"line":10,"column":49},"end":{"line":10,"column":71}},"10":{"start":{"line":14,"column":20},"end":{"line":14,"column":45}},"11":{"start":{"line":17,"column":23},"end":{"line":17,"column":32}},"12":{"start":{"line":35,"column":14},"end":{"line":35,"column":64}},"13":{"start":{"line":37,"column":12},"end":{"line":37,"column":21}},"14":{"start":{"line":38,"column":13},"end":{"line":38,"column":37}},"15":{"start":{"line":41,"column":2},"end":{"line":44,"column":62}},"16":{"start":{"line":52,"column":0},"end":{"line":67,"column":4}},"17":{"start":{"line":73,"column":22},"end":{"line":79,"column":2}},"18":{"start":{"line":80,"column":0},"end":{"line":80,"column":23}},"19":{"start":{"line":86,"column":19},"end":{"line":92,"column":2}},"20":{"start":{"line":98,"column":0},"end":{"line":98,"column":15}},"21":{"start":{"line":103,"column":0},"end":{"line":103,"column":23}},"22":{"start":{"line":111,"column":2},"end":{"line":113,"column":68}},"23":{"start":{"line":115,"column":0},"end":{"line":119,"column":4}},"24":{"start":{"line":122,"column":0},"end":{"line":122,"column":41}},"25":{"start":{"line":133,"column":0},"end":{"line":140,"column":3}},"26":{"start":{"line":134,"column":2},"end":{"line":134,"column":53}},"27":{"start":{"line":135,"column":2},"end":{"line":135,"column":43}},"28":{"start":{"line":136,"column":2},"end":{"line":136,"column":53}},"29":{"start":{"line":137,"column":2},"end":{"line":137,"column":70}},"30":{"start":{"line":138,"column":2},"end":{"line":138,"column":82}},"31":{"start":{"line":139,"column":2},"end":{"line":139,"column":9}},"32":{"start":{"line":153,"column":31},"end":{"line":161,"column":1}},"33":{"start":{"line":154,"column":17},"end":{"line":154,"column":38}},"34":{"start":{"line":155,"column":2},"end":{"line":159,"column":3}},"35":{"start":{"line":156,"column":4},"end":{"line":158,"column":7}},"36":{"start":{"line":157,"column":37},"end":{"line":157,"column":42}},"37":{"start":{"line":160,"column":2},"end":{"line":160,"column":9}},"38":{"start":{"line":164,"column":24},"end":{"line":181,"column":1}},"39":{"start":{"line":184,"column":27},"end":{"line":191,"column":1}},"40":{"start":{"line":203,"column":0},"end":{"line":205,"column":3}},"41":{"start":{"line":204,"column":2},"end":{"line":204,"column":34}},"42":{"start":{"line":216,"column":0},"end":{"line":231,"column":3}},"43":{"start":{"line":217,"column":2},"end":{"line":230,"column":5}},"44":{"start":{"line":244,"column":0},"end":{"line":275,"column":3}},"45":{"start":{"line":245,"column":29},"end":{"line":245,"column":41}},"46":{"start":{"line":247,"column":20},"end":{"line":247,"column":38}},"47":{"start":{"line":248,"column":2},"end":{"line":250,"column":3}},"48":{"start":{"line":249,"column":4},"end":{"line":249,"column":71}},"49":{"start":{"line":252,"column":2},"end":{"line":274,"column":3}},"50":{"start":{"line":253,"column":30},"end":{"line":253,"column":90}},"51":{"start":{"line":254,"column":18},"end":{"line":257,"column":6}},"52":{"start":{"line":260,"column":6},"end":{"line":264,"column":61}},"53":{"start":{"line":266,"column":19},"end":{"line":266,"column":54}},"54":{"start":{"line":267,"column":18},"end":{"line":267,"column":40}},"55":{"start":{"line":269,"column":4},"end":{"line":269,"column":29}},"56":{"start":{"line":272,"column":4},"end":{"line":272,"column":54}},"57":{"start":{"line":273,"column":4},"end":{"line":273,"column":83}},"58":{"start":{"line":287,"column":0},"end":{"line":310,"column":3}},"59":{"start":{"line":288,"column":25},"end":{"line":288,"column":63}},"60":{"start":{"line":291,"column":2},"end":{"line":293,"column":3}},"61":{"start":{"line":292,"column":4},"end":{"line":292,"column":61}},"62":{"start":{"line":295,"column":20},"end":{"line":295,"column":47}},"63":{"start":{"line":297,"column":2},"end":{"line":299,"column":3}},"64":{"start":{"line":298,"column":4},"end":{"line":298,"column":67}},"65":{"start":{"line":301,"column":18},"end":{"line":306,"column":3}},"66":{"start":{"line":308,"column":2},"end":{"line":308,"column":46}},"67":{"start":{"line":309,"column":2},"end":{"line":309,"column":25}},"68":{"start":{"line":322,"column":0},"end":{"line":324,"column":3}},"69":{"start":{"line":323,"column":2},"end":{"line":323,"column":48}},"70":{"start":{"line":340,"column":0},"end":{"line":343,"column":3}},"71":{"start":{"line":341,"column":2},"end":{"line":341,"column":56}},"72":{"start":{"line":342,"column":2},"end":{"line":342,"column":67}},"73":{"start":{"line":347,"column":0},"end":{"line":351,"column":1}},"74":{"start":{"line":348,"column":2},"end":{"line":350,"column":5}},"75":{"start":{"line":353,"column":0},"end":{"line":353,"column":21}}},"fnMap":{"0":{"name":"(anonymous_0)","decl":{"start":{"line":133,"column":8},"end":{"line":133,"column":9}},"loc":{"start":{"line":133,"column":29},"end":{"line":140,"column":1}},"line":133},"1":{"name":"(anonymous_1)","decl":{"start":{"line":153,"column":31},"end":{"line":153,"column":32}},"loc":{"start":{"line":153,"column":51},"end":{"line":161,"column":1}},"line":153},"2":{"name":"(anonymous_2)","decl":{"start":{"line":157,"column":32},"end":{"line":157,"column":33}},"loc":{"start":{"line":157,"column":37},"end":{"line":157,"column":42}},"line":157},"3":{"name":"(anonymous_3)","decl":{"start":{"line":203,"column":19},"end":{"line":203,"column":20}},"loc":{"start":{"line":203,"column":42},"end":{"line":205,"column":1}},"line":203},"4":{"name":"(anonymous_4)","decl":{"start":{"line":216,"column":21},"end":{"line":216,"column":22}},"loc":{"start":{"line":216,"column":44},"end":{"line":231,"column":1}},"line":216},"5":{"name":"(anonymous_5)","decl":{"start":{"line":244,"column":46},"end":{"line":244,"column":47}},"loc":{"start":{"line":244,"column":75},"end":{"line":275,"column":1}},"line":244},"6":{"name":"(anonymous_6)","decl":{"start":{"line":287,"column":53},"end":{"line":287,"column":54}},"loc":{"start":{"line":287,"column":76},"end":{"line":310,"column":1}},"line":287},"7":{"name":"(anonymous_7)","decl":{"start":{"line":322,"column":8},"end":{"line":322,"column":9}},"loc":{"start":{"line":322,"column":23},"end":{"line":324,"column":1}},"line":322},"8":{"name":"(anonymous_8)","decl":{"start":{"line":340,"column":8},"end":{"line":340,"column":9}},"loc":{"start":{"line":340,"column":35},"end":{"line":343,"column":1}},"line":340},"9":{"name":"(anonymous_9)","decl":{"start":{"line":348,"column":19},"end":{"line":348,"column":20}},"loc":{"start":{"line":348,"column":25},"end":{"line":350,"column":3}},"line":348}},"branchMap":{"0":{"loc":{"start":{"line":38,"column":13},"end":{"line":38,"column":37}},"type":"binary-expr","locations":[{"start":{"line":38,"column":13},"end":{"line":38,"column":29}},{"start":{"line":38,"column":33},"end":{"line":38,"column":37}}],"line":38},"1":{"loc":{"start":{"line":111,"column":2},"end":{"line":113,"column":68}},"type":"cond-expr","locations":[{"start":{"line":112,"column":6},"end":{"line":112,"column":43}},{"start":{"line":113,"column":6},"end":{"line":113,"column":68}}],"line":111},"2":{"loc":{"start":{"line":155,"column":2},"end":{"line":159,"column":3}},"type":"if","locations":[{"start":{"line":155,"column":2},"end":{"line":159,"column":3}},{"start":{},"end":{}}],"line":155},"3":{"loc":{"start":{"line":248,"column":2},"end":{"line":250,"column":3}},"type":"if","locations":[{"start":{"line":248,"column":2},"end":{"line":250,"column":3}},{"start":{},"end":{}}],"line":248},"4":{"loc":{"start":{"line":291,"column":2},"end":{"line":293,"column":3}},"type":"if","locations":[{"start":{"line":291,"column":2},"end":{"line":293,"column":3}},{"start":{},"end":{}}],"line":291},"5":{"loc":{"start":{"line":297,"column":2},"end":{"line":299,"column":3}},"type":"if","locations":[{"start":{"line":297,"column":2},"end":{"line":299,"column":3}},{"start":{},"end":{}}],"line":297},"6":{"loc":{"start":{"line":347,"column":0},"end":{"line":351,"column":1}},"type":"if","locations":[{"start":{"line":347,"column":0},"end":{"line":351,"column":1}},{"start":{},"end":{}}],"line":347}},"s":{"0":1,"1":1,"2":1,"3":1,"4":1,"5":1,"6":1,"7":1,"8":1,"9":1,"10":1,"11":1,"12":1,"13":1,"14":1,"15":1,"16":1,"17":1,"18":1,"19":1,"20":1,"21":1,"22":1,"23":1,"24":1,"25":1,"26":34,"27":34,"28":34,"29":34,"30":34,"31":34,"32":1,"33":19,"34":19,"35":9,"36":22,"37":10,"38":1,"39":1,"40":1,"41":9,"42":1,"43":4,"44":1,"45":6,"46":6,"47":6,"48":1,"49":5,"50":5,"51":5,"52":5,"53":5,"54":5,"55":5,"56":0,"57":0,"58":1,"59":4,"60":4,"61":1,"62":3,"63":3,"64":1,"65":2,"66":2,"67":2,"68":1,"69":2,"70":1,"71":0,"72":0,"73":1,"74":0,"75":1},"f":{"0":34,"1":19,"2":22,"3":9,"4":4,"5":6,"6":4,"7":2,"8":0,"9":0},"b":{"0":[1,0],"1":[0,1],"2":[9,10],"3":[1,5],"4":[1,3],"5":[1,2],"6":[0,1]},"_coverageSchema":"1a1c01bbd47fc00a2c39e90264f33305004495a9","hash":"3d67d6d16f01b3c7a3db49abd353c22711f608d2"}
}
