TN:
SF:constants.js
FNF:0
FNH:0
DA:6,1
DA:9,1
DA:12,1
DA:17,1
LF:4
LH:4
BRF:0
BRH:0
end_of_record
TN:
SF:server.js
FN:133,(anonymous_0)
FN:153,(anonymous_1)
FN:157,(anonymous_2)
FN:203,(anonymous_3)
FN:216,(anonymous_4)
FN:244,(anonymous_5)
FN:287,(anonymous_6)
FN:322,(anonymous_7)
FN:340,(anonymous_8)
FN:348,(anonymous_9)
FNF:10
FNH:8
FNDA:34,(anonymous_0)
FNDA:19,(anonymous_1)
FNDA:22,(anonymous_2)
FNDA:9,(anonymous_3)
FNDA:4,(anonymous_4)
FNDA:6,(anonymous_5)
FNDA:4,(anonymous_6)
FNDA:2,(anonymous_7)
FNDA:0,(anonymous_8)
FNDA:0,(anonymous_9)
DA:1,1
DA:2,1
DA:3,1
DA:4,1
DA:5,1
DA:6,1
DA:7,1
DA:8,1
DA:9,1
DA:10,1
DA:14,1
DA:17,1
DA:35,1
DA:37,1
DA:38,1
DA:41,1
DA:52,1
DA:73,1
DA:80,1
DA:86,1
DA:98,1
DA:103,1
DA:111,1
DA:115,1
DA:122,1
DA:133,1
DA:134,34
DA:135,34
DA:136,34
DA:137,34
DA:138,34
DA:139,34
DA:153,1
DA:154,19
DA:155,19
DA:156,9
DA:157,22
DA:160,10
DA:164,1
DA:184,1
DA:203,1
DA:204,9
DA:216,1
DA:217,4
DA:244,1
DA:245,6
DA:247,6
DA:248,6
DA:249,1
DA:252,5
DA:253,5
DA:254,5
DA:260,5
DA:266,5
DA:267,5
DA:269,5
DA:272,0
DA:273,0
DA:287,1
DA:288,4
DA:291,4
DA:292,1
DA:295,3
DA:297,3
DA:298,1
DA:301,2
DA:308,2
DA:309,2
DA:322,1
DA:323,2
DA:340,1
DA:341,0
DA:342,0
DA:347,1
DA:348,0
DA:353,1
LF:76
LH:71
BRDA:38,0,0,1
BRDA:38,0,1,0
BRDA:111,1,0,0
BRDA:111,1,1,1
BRDA:155,2,0,9
BRDA:155,2,1,10
BRDA:248,3,0,1
BRDA:248,3,1,5
BRDA:291,4,0,1
BRDA:291,4,1,3
BRDA:297,5,0,1
BRDA:297,5,1,2
BRDA:347,6,0,0
BRDA:347,6,1,1
BRF:14
BRH:11
end_of_record
